Determining if the pthread_create exist failed with the following output:
Change Dir: /home/pi/ros_catkin_ws/build_isolated/rosservice/CMakeFiles/CMakeTmp

Run Build Command:"/usr/bin/make" "cmTC_2bcca/fast"
/usr/bin/make -f CMakeFiles/cmTC_2bcca.dir/build.make CMakeFiles/cmTC_2bcca.dir/build
make[1]: Entering directory '/home/pi/ros_catkin_ws/build_isolated/rosservice/CMakeFiles/CMakeTmp'
Building C object CMakeFiles/cmTC_2bcca.dir/CheckSymbolExists.c.o
/usr/bin/cc     -o CMakeFiles/cmTC_2bcca.dir/CheckSymbolExists.c.o   -c /home/pi/ros_catkin_ws/build_isolated/rosservice/CMakeFiles/CMakeTmp/CheckSymbolExists.c
Linking C executable cmTC_2bcca
/usr/bin/cmake -E cmake_link_script CMakeFiles/cmTC_2bcca.dir/link.txt --verbose=1
/usr/bin/cc       CMakeFiles/cmTC_2bcca.dir/CheckSymbolExists.c.o  -o cmTC_2bcca -rdynamic 
CMakeFiles/cmTC_2bcca.dir/CheckSymbolExists.c.o: In function `main':
CheckSymbolExists.c:(.text+0x38): undefined reference to `pthread_create'
collect2: error: ld returned 1 exit status
CMakeFiles/cmTC_2bcca.dir/build.make:97: recipe for target 'cmTC_2bcca' failed
make[1]: *** [cmTC_2bcca] Error 1
make[1]: Leaving directory '/home/pi/ros_catkin_ws/build_isolated/rosservice/CMakeFiles/CMakeTmp'
Makefile:126: recipe for target 'cmTC_2bcca/fast' failed
make: *** [cmTC_2bcca/fast] Error 2

File /home/pi/ros_catkin_ws/build_isolated/rosservice/CMakeFiles/CMakeTmp/CheckSymbolExists.c:
/* */
#include <pthread.h>

int main(int argc, char** argv)
{
  (void)argv;
#ifndef pthread_create
  return ((int*)(&pthread_create))[argc];
#else
  (void)argc;
  return 0;
#endif
}

Determining if the function pthread_create exists in the pthreads failed with the following output:
Change Dir: /home/pi/ros_catkin_ws/build_isolated/rosservice/CMakeFiles/CMakeTmp

Run Build Command:"/usr/bin/make" "cmTC_2f248/fast"
/usr/bin/make -f CMakeFiles/cmTC_2f248.dir/build.make CMakeFiles/cmTC_2f248.dir/build
make[1]: Entering directory '/home/pi/ros_catkin_ws/build_isolated/rosservice/CMakeFiles/CMakeTmp'
Building C object CMakeFiles/cmTC_2f248.dir/CheckFunctionExists.c.o
/usr/bin/cc    -DCHECK_FUNCTION_EXISTS=pthread_create   -o CMakeFiles/cmTC_2f248.dir/CheckFunctionExists.c.o   -c /usr/share/cmake-3.7/Modules/CheckFunctionExists.c
Linking C executable cmTC_2f248
/usr/bin/cmake -E cmake_link_script CMakeFiles/cmTC_2f248.dir/link.txt --verbose=1
/usr/bin/cc   -DCHECK_FUNCTION_EXISTS=pthread_create    CMakeFiles/cmTC_2f248.dir/CheckFunctionExists.c.o  -o cmTC_2f248 -rdynamic -lpthreads 
/usr/bin/ld: cannot find -lpthreads
collect2: error: ld returned 1 exit status
CMakeFiles/cmTC_2f248.dir/build.make:97: recipe for target 'cmTC_2f248' failed
make[1]: *** [cmTC_2f248] Error 1
make[1]: Leaving directory '/home/pi/ros_catkin_ws/build_isolated/rosservice/CMakeFiles/CMakeTmp'
Makefile:126: recipe for target 'cmTC_2f248/fast' failed
make: *** [cmTC_2f248/fast] Error 2


