Determining if the pthread_create exist failed with the following output:
Change Dir: /home/pi/ros_catkin_ws/build_isolated/roslang/CMakeFiles/CMakeTmp

Run Build Command:"/usr/bin/make" "cmTC_9dc7d/fast"
/usr/bin/make -f CMakeFiles/cmTC_9dc7d.dir/build.make CMakeFiles/cmTC_9dc7d.dir/build
make[1]: Entering directory '/home/pi/ros_catkin_ws/build_isolated/roslang/CMakeFiles/CMakeTmp'
Building C object CMakeFiles/cmTC_9dc7d.dir/CheckSymbolExists.c.o
/usr/bin/cc     -o CMakeFiles/cmTC_9dc7d.dir/CheckSymbolExists.c.o   -c /home/pi/ros_catkin_ws/build_isolated/roslang/CMakeFiles/CMakeTmp/CheckSymbolExists.c
Linking C executable cmTC_9dc7d
/usr/bin/cmake -E cmake_link_script CMakeFiles/cmTC_9dc7d.dir/link.txt --verbose=1
/usr/bin/cc       CMakeFiles/cmTC_9dc7d.dir/CheckSymbolExists.c.o  -o cmTC_9dc7d -rdynamic 
CMakeFiles/cmTC_9dc7d.dir/CheckSymbolExists.c.o: In function `main':
CheckSymbolExists.c:(.text+0x38): undefined reference to `pthread_create'
collect2: error: ld returned 1 exit status
CMakeFiles/cmTC_9dc7d.dir/build.make:97: recipe for target 'cmTC_9dc7d' failed
make[1]: *** [cmTC_9dc7d] Error 1
make[1]: Leaving directory '/home/pi/ros_catkin_ws/build_isolated/roslang/CMakeFiles/CMakeTmp'
Makefile:126: recipe for target 'cmTC_9dc7d/fast' failed
make: *** [cmTC_9dc7d/fast] Error 2

File /home/pi/ros_catkin_ws/build_isolated/roslang/CMakeFiles/CMakeTmp/CheckSymbolExists.c:
/* */
#include <pthread.h>

int main(int argc, char** argv)
{
  (void)argv;
#ifndef pthread_create
  return ((int*)(&pthread_create))[argc];
#else
  (void)argc;
  return 0;
#endif
}

Determining if the function pthread_create exists in the pthreads failed with the following output:
Change Dir: /home/pi/ros_catkin_ws/build_isolated/roslang/CMakeFiles/CMakeTmp

Run Build Command:"/usr/bin/make" "cmTC_da80d/fast"
/usr/bin/make -f CMakeFiles/cmTC_da80d.dir/build.make CMakeFiles/cmTC_da80d.dir/build
make[1]: Entering directory '/home/pi/ros_catkin_ws/build_isolated/roslang/CMakeFiles/CMakeTmp'
Building C object CMakeFiles/cmTC_da80d.dir/CheckFunctionExists.c.o
/usr/bin/cc    -DCHECK_FUNCTION_EXISTS=pthread_create   -o CMakeFiles/cmTC_da80d.dir/CheckFunctionExists.c.o   -c /usr/share/cmake-3.7/Modules/CheckFunctionExists.c
Linking C executable cmTC_da80d
/usr/bin/cmake -E cmake_link_script CMakeFiles/cmTC_da80d.dir/link.txt --verbose=1
/usr/bin/cc   -DCHECK_FUNCTION_EXISTS=pthread_create    CMakeFiles/cmTC_da80d.dir/CheckFunctionExists.c.o  -o cmTC_da80d -rdynamic -lpthreads 
/usr/bin/ld: cannot find -lpthreads
collect2: error: ld returned 1 exit status
CMakeFiles/cmTC_da80d.dir/build.make:97: recipe for target 'cmTC_da80d' failed
make[1]: *** [cmTC_da80d] Error 1
make[1]: Leaving directory '/home/pi/ros_catkin_ws/build_isolated/roslang/CMakeFiles/CMakeTmp'
Makefile:126: recipe for target 'cmTC_da80d/fast' failed
make: *** [cmTC_da80d/fast] Error 2


