Determining if the pthread_create exist failed with the following output:
Change Dir: /home/pi/ros_catkin_ws/build_isolated/message_generation/CMakeFiles/CMakeTmp

Run Build Command:"/usr/bin/make" "cmTC_63c5f/fast"
/usr/bin/make -f CMakeFiles/cmTC_63c5f.dir/build.make CMakeFiles/cmTC_63c5f.dir/build
make[1]: Entering directory '/home/pi/ros_catkin_ws/build_isolated/message_generation/CMakeFiles/CMakeTmp'
Building C object CMakeFiles/cmTC_63c5f.dir/CheckSymbolExists.c.o
/usr/bin/cc     -o CMakeFiles/cmTC_63c5f.dir/CheckSymbolExists.c.o   -c /home/pi/ros_catkin_ws/build_isolated/message_generation/CMakeFiles/CMakeTmp/CheckSymbolExists.c
Linking C executable cmTC_63c5f
/usr/bin/cmake -E cmake_link_script CMakeFiles/cmTC_63c5f.dir/link.txt --verbose=1
/usr/bin/cc       CMakeFiles/cmTC_63c5f.dir/CheckSymbolExists.c.o  -o cmTC_63c5f -rdynamic 
CMakeFiles/cmTC_63c5f.dir/CheckSymbolExists.c.o: In function `main':
CheckSymbolExists.c:(.text+0x38): undefined reference to `pthread_create'
collect2: error: ld returned 1 exit status
CMakeFiles/cmTC_63c5f.dir/build.make:97: recipe for target 'cmTC_63c5f' failed
make[1]: *** [cmTC_63c5f] Error 1
make[1]: Leaving directory '/home/pi/ros_catkin_ws/build_isolated/message_generation/CMakeFiles/CMakeTmp'
Makefile:126: recipe for target 'cmTC_63c5f/fast' failed
make: *** [cmTC_63c5f/fast] Error 2

File /home/pi/ros_catkin_ws/build_isolated/message_generation/CMakeFiles/CMakeTmp/CheckSymbolExists.c:
/* */
#include <pthread.h>

int main(int argc, char** argv)
{
  (void)argv;
#ifndef pthread_create
  return ((int*)(&pthread_create))[argc];
#else
  (void)argc;
  return 0;
#endif
}

Determining if the function pthread_create exists in the pthreads failed with the following output:
Change Dir: /home/pi/ros_catkin_ws/build_isolated/message_generation/CMakeFiles/CMakeTmp

Run Build Command:"/usr/bin/make" "cmTC_5f68c/fast"
/usr/bin/make -f CMakeFiles/cmTC_5f68c.dir/build.make CMakeFiles/cmTC_5f68c.dir/build
make[1]: Entering directory '/home/pi/ros_catkin_ws/build_isolated/message_generation/CMakeFiles/CMakeTmp'
Building C object CMakeFiles/cmTC_5f68c.dir/CheckFunctionExists.c.o
/usr/bin/cc    -DCHECK_FUNCTION_EXISTS=pthread_create   -o CMakeFiles/cmTC_5f68c.dir/CheckFunctionExists.c.o   -c /usr/share/cmake-3.7/Modules/CheckFunctionExists.c
Linking C executable cmTC_5f68c
/usr/bin/cmake -E cmake_link_script CMakeFiles/cmTC_5f68c.dir/link.txt --verbose=1
/usr/bin/cc   -DCHECK_FUNCTION_EXISTS=pthread_create    CMakeFiles/cmTC_5f68c.dir/CheckFunctionExists.c.o  -o cmTC_5f68c -rdynamic -lpthreads 
/usr/bin/ld: cannot find -lpthreads
collect2: error: ld returned 1 exit status
CMakeFiles/cmTC_5f68c.dir/build.make:97: recipe for target 'cmTC_5f68c' failed
make[1]: *** [cmTC_5f68c] Error 1
make[1]: Leaving directory '/home/pi/ros_catkin_ws/build_isolated/message_generation/CMakeFiles/CMakeTmp'
Makefile:126: recipe for target 'cmTC_5f68c/fast' failed
make: *** [cmTC_5f68c/fast] Error 2


