Determining if the pthread_create exist failed with the following output:
Change Dir: /home/pi/ros_catkin_ws/build_isolated/catkin/CMakeFiles/CMakeTmp

Run Build Command:"/usr/bin/make" "cmTC_2c1ca/fast"
/usr/bin/make -f CMakeFiles/cmTC_2c1ca.dir/build.make CMakeFiles/cmTC_2c1ca.dir/build
make[1]: Entering directory '/home/pi/ros_catkin_ws/build_isolated/catkin/CMakeFiles/CMakeTmp'
Building C object CMakeFiles/cmTC_2c1ca.dir/CheckSymbolExists.c.o
/usr/bin/cc     -o CMakeFiles/cmTC_2c1ca.dir/CheckSymbolExists.c.o   -c /home/pi/ros_catkin_ws/build_isolated/catkin/CMakeFiles/CMakeTmp/CheckSymbolExists.c
Linking C executable cmTC_2c1ca
/usr/bin/cmake -E cmake_link_script CMakeFiles/cmTC_2c1ca.dir/link.txt --verbose=1
/usr/bin/cc       CMakeFiles/cmTC_2c1ca.dir/CheckSymbolExists.c.o  -o cmTC_2c1ca -rdynamic 
CMakeFiles/cmTC_2c1ca.dir/CheckSymbolExists.c.o: In function `main':
CheckSymbolExists.c:(.text+0x38): undefined reference to `pthread_create'
collect2: error: ld returned 1 exit status
CMakeFiles/cmTC_2c1ca.dir/build.make:97: recipe for target 'cmTC_2c1ca' failed
make[1]: *** [cmTC_2c1ca] Error 1
make[1]: Leaving directory '/home/pi/ros_catkin_ws/build_isolated/catkin/CMakeFiles/CMakeTmp'
Makefile:126: recipe for target 'cmTC_2c1ca/fast' failed
make: *** [cmTC_2c1ca/fast] Error 2

File /home/pi/ros_catkin_ws/build_isolated/catkin/CMakeFiles/CMakeTmp/CheckSymbolExists.c:
/* */
#include <pthread.h>

int main(int argc, char** argv)
{
  (void)argv;
#ifndef pthread_create
  return ((int*)(&pthread_create))[argc];
#else
  (void)argc;
  return 0;
#endif
}

Determining if the function pthread_create exists in the pthreads failed with the following output:
Change Dir: /home/pi/ros_catkin_ws/build_isolated/catkin/CMakeFiles/CMakeTmp

Run Build Command:"/usr/bin/make" "cmTC_2fd4f/fast"
/usr/bin/make -f CMakeFiles/cmTC_2fd4f.dir/build.make CMakeFiles/cmTC_2fd4f.dir/build
make[1]: Entering directory '/home/pi/ros_catkin_ws/build_isolated/catkin/CMakeFiles/CMakeTmp'
Building C object CMakeFiles/cmTC_2fd4f.dir/CheckFunctionExists.c.o
/usr/bin/cc    -DCHECK_FUNCTION_EXISTS=pthread_create   -o CMakeFiles/cmTC_2fd4f.dir/CheckFunctionExists.c.o   -c /usr/share/cmake-3.7/Modules/CheckFunctionExists.c
Linking C executable cmTC_2fd4f
/usr/bin/cmake -E cmake_link_script CMakeFiles/cmTC_2fd4f.dir/link.txt --verbose=1
/usr/bin/cc   -DCHECK_FUNCTION_EXISTS=pthread_create    CMakeFiles/cmTC_2fd4f.dir/CheckFunctionExists.c.o  -o cmTC_2fd4f -rdynamic -lpthreads 
/usr/bin/ld: cannot find -lpthreads
collect2: error: ld returned 1 exit status
CMakeFiles/cmTC_2fd4f.dir/build.make:97: recipe for target 'cmTC_2fd4f' failed
make[1]: *** [cmTC_2fd4f] Error 1
make[1]: Leaving directory '/home/pi/ros_catkin_ws/build_isolated/catkin/CMakeFiles/CMakeTmp'
Makefile:126: recipe for target 'cmTC_2fd4f/fast' failed
make: *** [cmTC_2fd4f/fast] Error 2


