Determining if the pthread_create exist failed with the following output:
Change Dir: /home/pi/ros_catkin_ws/build_isolated/cpp_common/CMakeFiles/CMakeTmp

Run Build Command:"/usr/bin/make" "cmTC_5b9f4/fast"
/usr/bin/make -f CMakeFiles/cmTC_5b9f4.dir/build.make CMakeFiles/cmTC_5b9f4.dir/build
make[1]: Entering directory '/home/pi/ros_catkin_ws/build_isolated/cpp_common/CMakeFiles/CMakeTmp'
Building C object CMakeFiles/cmTC_5b9f4.dir/CheckSymbolExists.c.o
/usr/bin/cc     -o CMakeFiles/cmTC_5b9f4.dir/CheckSymbolExists.c.o   -c /home/pi/ros_catkin_ws/build_isolated/cpp_common/CMakeFiles/CMakeTmp/CheckSymbolExists.c
Linking C executable cmTC_5b9f4
/usr/bin/cmake -E cmake_link_script CMakeFiles/cmTC_5b9f4.dir/link.txt --verbose=1
/usr/bin/cc       CMakeFiles/cmTC_5b9f4.dir/CheckSymbolExists.c.o  -o cmTC_5b9f4 -rdynamic 
CMakeFiles/cmTC_5b9f4.dir/CheckSymbolExists.c.o: In function `main':
CheckSymbolExists.c:(.text+0x38): undefined reference to `pthread_create'
collect2: error: ld returned 1 exit status
CMakeFiles/cmTC_5b9f4.dir/build.make:97: recipe for target 'cmTC_5b9f4' failed
make[1]: *** [cmTC_5b9f4] Error 1
make[1]: Leaving directory '/home/pi/ros_catkin_ws/build_isolated/cpp_common/CMakeFiles/CMakeTmp'
Makefile:126: recipe for target 'cmTC_5b9f4/fast' failed
make: *** [cmTC_5b9f4/fast] Error 2

File /home/pi/ros_catkin_ws/build_isolated/cpp_common/CMakeFiles/CMakeTmp/CheckSymbolExists.c:
/* */
#include <pthread.h>

int main(int argc, char** argv)
{
  (void)argv;
#ifndef pthread_create
  return ((int*)(&pthread_create))[argc];
#else
  (void)argc;
  return 0;
#endif
}

Determining if the function pthread_create exists in the pthreads failed with the following output:
Change Dir: /home/pi/ros_catkin_ws/build_isolated/cpp_common/CMakeFiles/CMakeTmp

Run Build Command:"/usr/bin/make" "cmTC_48a2a/fast"
/usr/bin/make -f CMakeFiles/cmTC_48a2a.dir/build.make CMakeFiles/cmTC_48a2a.dir/build
make[1]: Entering directory '/home/pi/ros_catkin_ws/build_isolated/cpp_common/CMakeFiles/CMakeTmp'
Building C object CMakeFiles/cmTC_48a2a.dir/CheckFunctionExists.c.o
/usr/bin/cc    -DCHECK_FUNCTION_EXISTS=pthread_create   -o CMakeFiles/cmTC_48a2a.dir/CheckFunctionExists.c.o   -c /usr/share/cmake-3.7/Modules/CheckFunctionExists.c
Linking C executable cmTC_48a2a
/usr/bin/cmake -E cmake_link_script CMakeFiles/cmTC_48a2a.dir/link.txt --verbose=1
/usr/bin/cc   -DCHECK_FUNCTION_EXISTS=pthread_create    CMakeFiles/cmTC_48a2a.dir/CheckFunctionExists.c.o  -o cmTC_48a2a -rdynamic -lpthreads 
/usr/bin/ld: cannot find -lpthreads
collect2: error: ld returned 1 exit status
CMakeFiles/cmTC_48a2a.dir/build.make:97: recipe for target 'cmTC_48a2a' failed
make[1]: *** [cmTC_48a2a] Error 1
make[1]: Leaving directory '/home/pi/ros_catkin_ws/build_isolated/cpp_common/CMakeFiles/CMakeTmp'
Makefile:126: recipe for target 'cmTC_48a2a/fast' failed
make: *** [cmTC_48a2a/fast] Error 2


Performing C++ SOURCE FILE Test HAVE_CXXABI_H failed with the following output:
Change Dir: /home/pi/ros_catkin_ws/build_isolated/cpp_common/CMakeFiles/CMakeTmp

Run Build Command:"/usr/bin/make" "cmTC_5a995/fast"
/usr/bin/make -f CMakeFiles/cmTC_5a995.dir/build.make CMakeFiles/cmTC_5a995.dir/build
make[1]: Entering directory '/home/pi/ros_catkin_ws/build_isolated/cpp_common/CMakeFiles/CMakeTmp'
Building CXX object CMakeFiles/cmTC_5a995.dir/src.cxx.o
/usr/bin/c++     -DHAVE_CXXABI_H   -o CMakeFiles/cmTC_5a995.dir/src.cxx.o -c /home/pi/ros_catkin_ws/build_isolated/cpp_common/CMakeFiles/CMakeTmp/src.cxx
/home/pi/ros_catkin_ws/build_isolated/cpp_common/CMakeFiles/CMakeTmp/src.cxx:2:8: error: expected constructor, destructor, or type conversion before ‘(’ token
 intmain(intargc,char**argv){}
        ^
CMakeFiles/cmTC_5a995.dir/build.make:65: recipe for target 'CMakeFiles/cmTC_5a995.dir/src.cxx.o' failed
make[1]: *** [CMakeFiles/cmTC_5a995.dir/src.cxx.o] Error 1
make[1]: Leaving directory '/home/pi/ros_catkin_ws/build_isolated/cpp_common/CMakeFiles/CMakeTmp'
Makefile:126: recipe for target 'cmTC_5a995/fast' failed
make: *** [cmTC_5a995/fast] Error 2

Source file was:
#include<cxxabi.h>
intmain(intargc,char**argv){}
